# JRE version: OpenJDK Runtime Environment (21.0.8) (build 21.0.8+-14018985-b1038.68)
# Java VM: OpenJDK 64-Bit Server VM (21.0.8+-14018985-b1038.68, mixed mode, tiered, compressed oops, compressed class ptrs, g1 gc, windows-amd64)
GC Precious Log:
 CardTable entry size: 512
 Card Set container configuration: InlinePtr #cards 4 size 8 Array Of Cards #cards 32 size 80 Howl #buckets 8 coarsen threshold 7372 Howl Bitmap #cards 1024 size 144 coarsen threshold 921 Card regions per heap region 1 cards per card region 8192
 CPUs: 22 total, 22 available
 Memory: 32189M
 Large Page Support: Disabled
 NUMA Support: Disabled
 Compressed Oops: Enabled (Zero based)
 Heap Region Size: 4M
 Heap Min Capacity: 8M
 Heap Initial Capacity: 504M
 Heap Max Capacity: 8G
 Pre-touch: Disabled
 Parallel Workers: 16
 Concurrent Workers: 4
 Concurrent Refinement Workers: 16
 Periodic GC: Disabled
Heap:
 garbage-first heap   total 385024K, used 233707K [0x0000000600000000, 0x0000000800000000)
  region size 4096K, 5 young (20480K), 2 survivors (8192K)
 Metaspace       used 157589K, committed 160064K, reserved 1245184K
  class space    used 21792K, committed 22976K, reserved 1048576K
GC Heap History (20 events):
Event: 24.554 GC heap before
{Heap before GC invocations=27 (full 0):
 garbage-first heap   total 307200K, used 259172K [0x0000000600000000, 0x0000000800000000)
  region size 4096K, 28 young (114688K), 3 survivors (12288K)
 Metaspace       used 120491K, committed 122688K, reserved 1179648K
  class space    used 16945K, committed 17984K, reserved 1048576K
}
Event: 24.561 GC heap after
{Heap after GC invocations=28 (full 0):
 garbage-first heap   total 307200K, used 165508K [0x0000000600000000, 0x0000000800000000)
  region size 4096K, 3 young (12288K), 3 survivors (12288K)
 Metaspace       used 120491K, committed 122688K, reserved 1179648K
  class space    used 16945K, committed 17984K, reserved 1048576K
}
Event: 25.410 GC heap before
{Heap before GC invocations=28 (full 0):
 garbage-first heap   total 307200K, used 267908K [0x0000000600000000, 0x0000000800000000)
  region size 4096K, 28 young (114688K), 3 survivors (12288K)
 Metaspace       used 122401K, committed 124672K, reserved 1179648K
  class space    used 17242K, committed 18304K, reserved 1048576K
}
Event: 25.418 GC heap after
{Heap after GC invocations=29 (full 0):
 garbage-first heap   total 307200K, used 178715K [0x0000000600000000, 0x0000000800000000)
  region size 4096K, 4 young (16384K), 4 survivors (16384K)
 Metaspace       used 122401K, committed 124672K, reserved 1179648K
  class space    used 17242K, committed 18304K, reserved 1048576K
}
Event: 26.460 GC heap before
{Heap before GC invocations=30 (full 0):
 garbage-first heap   total 307200K, used 268827K [0x0000000600000000, 0x0000000800000000)
  region size 4096K, 26 young (106496K), 4 survivors (16384K)
 Metaspace       used 128759K, committed 131008K, reserved 1179648K
  class space    used 18087K, committed 19136K, reserved 1048576K
}
Event: 26.470 GC heap after
{Heap after GC invocations=31 (full 0):
 garbage-first heap   total 307200K, used 190055K [0x0000000600000000, 0x0000000800000000)
  region size 4096K, 3 young (12288K), 3 survivors (12288K)
 Metaspace       used 128759K, committed 131008K, reserved 1179648K
  class space    used 18087K, committed 19136K, reserved 1048576K
}
Event: 27.396 GC heap before
{Heap before GC invocations=31 (full 0):
 garbage-first heap   total 307200K, used 267879K [0x0000000600000000, 0x0000000800000000)
  region size 4096K, 23 young (94208K), 3 survivors (12288K)
 Metaspace       used 132517K, committed 134784K, reserved 1179648K
  class space    used 18383K, committed 19456K, reserved 1048576K
}
Event: 27.407 GC heap after
{Heap after GC invocations=32 (full 0):
 garbage-first heap   total 368640K, used 198183K [0x0000000600000000, 0x0000000800000000)
  region size 4096K, 3 young (12288K), 3 survivors (12288K)
 Metaspace       used 132517K, committed 134784K, reserved 1179648K
  class space    used 18383K, committed 19456K, reserved 1048576K
}
Event: 35.351 GC heap before
{Heap before GC invocations=32 (full 0):
 garbage-first heap   total 368640K, used 321063K [0x0000000600000000, 0x0000000800000000)
  region size 4096K, 34 young (139264K), 3 survivors (12288K)
 Metaspace       used 133941K, committed 136320K, reserved 1179648K
  class space    used 18585K, committed 19712K, reserved 1048576K
}
Event: 35.357 GC heap after
{Heap after GC invocations=33 (full 0):
 garbage-first heap   total 368640K, used 206657K [0x0000000600000000, 0x0000000800000000)
  region size 4096K, 5 young (20480K), 5 survivors (20480K)
 Metaspace       used 133941K, committed 136320K, reserved 1179648K
  class space    used 18585K, committed 19712K, reserved 1048576K
}
Event: 36.748 GC heap before
{Heap before GC invocations=33 (full 0):
 garbage-first heap   total 368640K, used 321345K [0x0000000600000000, 0x0000000800000000)
  region size 4096K, 34 young (139264K), 5 survivors (20480K)
 Metaspace       used 134975K, committed 137280K, reserved 1179648K
  class space    used 18681K, committed 19776K, reserved 1048576K
}
Event: 36.758 GC heap after
{Heap after GC invocations=34 (full 0):
 garbage-first heap   total 368640K, used 212855K [0x0000000600000000, 0x0000000800000000)
  region size 4096K, 4 young (16384K), 4 survivors (16384K)
 Metaspace       used 134975K, committed 137280K, reserved 1179648K
  class space    used 18681K, committed 19776K, reserved 1048576K
}
Event: 37.553 GC heap before
{Heap before GC invocations=34 (full 0):
 garbage-first heap   total 368640K, used 323447K [0x0000000600000000, 0x0000000800000000)
  region size 4096K, 32 young (131072K), 4 survivors (16384K)
 Metaspace       used 135509K, committed 137792K, reserved 1179648K
  class space    used 18731K, committed 19840K, reserved 1048576K
}
Event: 37.560 GC heap after
{Heap after GC invocations=35 (full 0):
 garbage-first heap   total 368640K, used 218484K [0x0000000600000000, 0x0000000800000000)
  region size 4096K, 4 young (16384K), 4 survivors (16384K)
 Metaspace       used 135509K, committed 137792K, reserved 1179648K
  class space    used 18731K, committed 19840K, reserved 1048576K
}
Event: 38.274 GC heap before
{Heap before GC invocations=36 (full 0):
 garbage-first heap   total 368640K, used 324980K [0x0000000600000000, 0x0000000800000000)
  region size 4096K, 31 young (126976K), 4 survivors (16384K)
 Metaspace       used 139287K, committed 141632K, reserved 1179648K
  class space    used 19239K, committed 20352K, reserved 1048576K
}
Event: 38.282 GC heap after
{Heap after GC invocations=37 (full 0):
 garbage-first heap   total 368640K, used 224459K [0x0000000600000000, 0x0000000800000000)
  region size 4096K, 4 young (16384K), 4 survivors (16384K)
 Metaspace       used 139287K, committed 141632K, reserved 1179648K
  class space    used 19239K, committed 20352K, reserved 1048576K
}
Event: 39.551 GC heap before
{Heap before GC invocations=37 (full 0):
 garbage-first heap   total 368640K, used 322763K [0x0000000600000000, 0x0000000800000000)
  region size 4096K, 29 young (118784K), 4 survivors (16384K)
 Metaspace       used 150599K, committed 153088K, reserved 1245184K
  class space    used 20832K, committed 22016K, reserved 1048576K
}
Event: 39.560 GC heap after
{Heap after GC invocations=38 (full 0):
 garbage-first heap   total 368640K, used 224608K [0x0000000600000000, 0x0000000800000000)
  region size 4096K, 4 young (16384K), 4 survivors (16384K)
 Metaspace       used 150599K, committed 153088K, reserved 1245184K
  class space    used 20832K, committed 22016K, reserved 1048576K
}
Event: 41.232 GC heap before
{Heap before GC invocations=38 (full 0):
 garbage-first heap   total 368640K, used 327008K [0x0000000600000000, 0x0000000800000000)
  region size 4096K, 29 young (118784K), 4 survivors (16384K)
 Metaspace       used 156710K, committed 159168K, reserved 1245184K
  class space    used 21620K, committed 22784K, reserved 1048576K
}
Event: 41.238 GC heap after
{Heap after GC invocations=39 (full 0):
 garbage-first heap   total 368640K, used 225515K [0x0000000600000000, 0x0000000800000000)
  region size 4096K, 2 young (8192K), 2 survivors (8192K)
 Metaspace       used 156710K, committed 159168K, reserved 1245184K
  class space    used 21620K, committed 22784K, reserved 1048576K
}

